{"contracts/Lottery.sol":{"l":{"61":3,"62":3,"63":1,"64":1,"65":1,"66":1,"67":1,"68":1,"79":1,"80":1,"81":1,"82":1,"83":1,"87":0,"88":1,"89":1,"95":1,"96":5,"103":5,"107":4,"108":1,"110":3,"111":3,"113":0,"114":0,"121":0,"122":0,"123":0,"124":0,"125":0,"126":0,"127":0,"128":0,"129":0,"131":0,"135":1,"139":1,"143":1,"147":0,"151":1,"155":0,"159":0,"163":10,"167":1,"171":0,"175":1,"179":0,"183":0},"path":"/Users/harismac/Desktop/solidity /smart-contract-lottery/contracts/Lottery.sol","s":{"1":1,"2":1,"3":1,"4":1,"5":1,"6":1,"7":5,"8":1,"9":4,"10":3,"11":0,"12":0,"13":0,"14":0,"15":0,"16":0,"17":0,"18":1,"19":1,"20":1,"21":0,"22":1,"23":0,"24":0,"25":10,"26":1,"27":0,"28":1,"29":0,"30":0},"b":{"1":[1,1],"2":[4,1],"3":[3,3],"4":[0,0]},"f":{"1":3,"2":1,"3":0,"4":1,"5":0,"6":1,"7":1,"8":1,"9":0,"10":1,"11":0,"12":0,"13":10,"14":1,"15":0,"16":1,"17":0,"18":0},"fnMap":{"1":{"name":"constructor","line":60,"loc":{"start":{"line":53,"column":4},"end":{"line":69,"column":4}}},"2":{"name":"checkUpkeep","line":71,"loc":{"start":{"line":71,"column":4},"end":{"line":84,"column":4}}},"3":{"name":"performUpkeep","line":86,"loc":{"start":{"line":86,"column":4},"end":{"line":104,"column":4}}},"4":{"name":"EnterLottery","line":106,"loc":{"start":{"line":106,"column":4},"end":{"line":115,"column":4}}},"5":{"name":"fulfillRandomWords","line":117,"loc":{"start":{"line":117,"column":4},"end":{"line":132,"column":4}}},"6":{"name":"getvrfCoordinatorV2Mock","line":134,"loc":{"start":{"line":134,"column":4},"end":{"line":136,"column":4}}},"7":{"name":"getTicketPrice","line":138,"loc":{"start":{"line":138,"column":4},"end":{"line":140,"column":4}}},"8":{"name":"getPlayers","line":142,"loc":{"start":{"line":142,"column":4},"end":{"line":144,"column":4}}},"9":{"name":"getRecentWinner","line":146,"loc":{"start":{"line":146,"column":4},"end":{"line":148,"column":4}}},"10":{"name":"getLotteryState","line":150,"loc":{"start":{"line":150,"column":4},"end":{"line":152,"column":4}}},"11":{"name":"getNumPlayers","line":154,"loc":{"start":{"line":154,"column":4},"end":{"line":156,"column":4}}},"12":{"name":"getLatestTimestamp","line":158,"loc":{"start":{"line":158,"column":4},"end":{"line":160,"column":4}}},"13":{"name":"getInterval","line":162,"loc":{"start":{"line":162,"column":4},"end":{"line":164,"column":4}}},"14":{"name":"getkeyHash","line":166,"loc":{"start":{"line":166,"column":4},"end":{"line":168,"column":4}}},"15":{"name":"getsubscriptionId","line":170,"loc":{"start":{"line":170,"column":4},"end":{"line":172,"column":4}}},"16":{"name":"getcallbackGasLimit","line":174,"loc":{"start":{"line":174,"column":4},"end":{"line":176,"column":4}}},"17":{"name":"getNumWords","line":178,"loc":{"start":{"line":178,"column":4},"end":{"line":180,"column":4}}},"18":{"name":"getRequestConfirmations","line":182,"loc":{"start":{"line":182,"column":4},"end":{"line":184,"column":4}}}},"statementMap":{"1":{"start":{"line":79,"column":8},"end":{"line":79,"column":59}},"2":{"start":{"line":80,"column":8},"end":{"line":80,"column":76}},"3":{"start":{"line":81,"column":8},"end":{"line":81,"column":48}},"4":{"start":{"line":82,"column":8},"end":{"line":82,"column":51}},"5":{"start":{"line":87,"column":8},"end":{"line":87,"column":46}},"6":{"start":{"line":88,"column":8},"end":{"line":88,"column":2992}},"7":{"start":{"line":96,"column":8},"end":{"line":96,"column":3256}},"8":{"start":{"line":103,"column":8},"end":{"line":103,"column":46}},"9":{"start":{"line":107,"column":8},"end":{"line":107,"column":3572}},"10":{"start":{"line":110,"column":8},"end":{"line":110,"column":3676}},"11":{"start":{"line":113,"column":8},"end":{"line":113,"column":42}},"12":{"start":{"line":114,"column":8},"end":{"line":114,"column":37}},"13":{"start":{"line":121,"column":8},"end":{"line":121,"column":65}},"14":{"start":{"line":122,"column":8},"end":{"line":122,"column":63}},"15":{"start":{"line":124,"column":8},"end":{"line":124,"column":78}},"16":{"start":{"line":128,"column":8},"end":{"line":128,"column":4377}},"17":{"start":{"line":131,"column":8},"end":{"line":131,"column":39}},"18":{"start":{"line":135,"column":8},"end":{"line":135,"column":40}},"19":{"start":{"line":139,"column":8},"end":{"line":139,"column":28}},"20":{"start":{"line":143,"column":8},"end":{"line":143,"column":31}},"21":{"start":{"line":147,"column":8},"end":{"line":147,"column":29}},"22":{"start":{"line":151,"column":8},"end":{"line":151,"column":29}},"23":{"start":{"line":155,"column":8},"end":{"line":155,"column":31}},"24":{"start":{"line":159,"column":8},"end":{"line":159,"column":39}},"25":{"start":{"line":163,"column":8},"end":{"line":163,"column":25}},"26":{"start":{"line":167,"column":8},"end":{"line":167,"column":24}},"27":{"start":{"line":171,"column":8},"end":{"line":171,"column":31}},"28":{"start":{"line":175,"column":8},"end":{"line":175,"column":33}},"29":{"start":{"line":179,"column":8},"end":{"line":179,"column":24}},"30":{"start":{"line":183,"column":8},"end":{"line":183,"column":35}}},"branchMap":{"1":{"line":88,"type":"if","locations":[{"start":{"line":88,"column":8},"end":{"line":88,"column":8}},{"start":{"line":88,"column":8},"end":{"line":88,"column":8}}]},"2":{"line":107,"type":"if","locations":[{"start":{"line":107,"column":8},"end":{"line":107,"column":8}},{"start":{"line":107,"column":8},"end":{"line":107,"column":8}}]},"3":{"line":110,"type":"if","locations":[{"start":{"line":110,"column":8},"end":{"line":110,"column":8}},{"start":{"line":110,"column":8},"end":{"line":110,"column":8}}]},"4":{"line":128,"type":"if","locations":[{"start":{"line":128,"column":8},"end":{"line":128,"column":8}},{"start":{"line":128,"column":8},"end":{"line":128,"column":8}}]}}},"contracts/mocks/VRFCoordinatorV2Mock.sol.sol":{"l":{},"path":"/Users/harismac/Desktop/solidity /smart-contract-lottery/contracts/mocks/VRFCoordinatorV2Mock.sol.sol","s":{},"b":{},"f":{},"fnMap":{},"statementMap":{},"branchMap":{}}}