TN:
SF:/Users/harismac/Desktop/solidity /smart-contract-lottery/contracts/Lottery.sol
FN:60,constructor
FN:71,checkUpkeep
FN:86,performUpkeep
FN:106,EnterLottery
FN:117,fulfillRandomWords
FN:134,getvrfCoordinatorV2Mock
FN:138,getTicketPrice
FN:142,getPlayers
FN:146,getRecentWinner
FN:150,getLotteryState
FN:154,getNumPlayers
FN:158,getLatestTimestamp
FN:162,getInterval
FN:166,getkeyHash
FN:170,getsubscriptionId
FN:174,getcallbackGasLimit
FN:178,getNumWords
FN:182,getRequestConfirmations
FNF:18
FNH:10
FNDA:3,constructor
FNDA:1,checkUpkeep
FNDA:0,performUpkeep
FNDA:1,EnterLottery
FNDA:0,fulfillRandomWords
FNDA:1,getvrfCoordinatorV2Mock
FNDA:1,getTicketPrice
FNDA:1,getPlayers
FNDA:0,getRecentWinner
FNDA:1,getLotteryState
FNDA:0,getNumPlayers
FNDA:0,getLatestTimestamp
FNDA:10,getInterval
FNDA:1,getkeyHash
FNDA:0,getsubscriptionId
FNDA:1,getcallbackGasLimit
FNDA:0,getNumWords
FNDA:0,getRequestConfirmations
DA:61,3
DA:62,3
DA:63,1
DA:64,1
DA:65,1
DA:66,1
DA:67,1
DA:68,1
DA:79,1
DA:80,1
DA:81,1
DA:82,1
DA:83,1
DA:87,0
DA:88,1
DA:89,1
DA:95,1
DA:96,5
DA:103,5
DA:107,4
DA:108,1
DA:110,3
DA:111,3
DA:113,0
DA:114,0
DA:121,0
DA:122,0
DA:123,0
DA:124,0
DA:125,0
DA:126,0
DA:127,0
DA:128,0
DA:129,0
DA:131,0
DA:135,1
DA:139,1
DA:143,1
DA:147,0
DA:151,1
DA:155,0
DA:159,0
DA:163,10
DA:167,1
DA:171,0
DA:175,1
DA:179,0
DA:183,0
LF:48
LH:29
BRDA:88,1,0,1
BRDA:88,1,1,1
BRDA:107,2,0,4
BRDA:107,2,1,1
BRDA:110,3,0,3
BRDA:110,3,1,3
BRDA:128,4,0,0
BRDA:128,4,1,0
BRF:8
BRH:6
end_of_record
TN:
SF:/Users/harismac/Desktop/solidity /smart-contract-lottery/contracts/mocks/VRFCoordinatorV2Mock.sol.sol
FNF:0
FNH:0
LF:0
LH:0
BRF:0
BRH:0
end_of_record
